<?xml version="1.0" encoding="UTF-8"?>
<testng-results skipped="0" failed="0" ignored="0" total="7" passed="7">
  <reporter-output>
  </reporter-output>
  <suite name="Assignment Suite" duration-ms="22016" started-at="2021-03-16T04:07:45Z" finished-at="2021-03-16T04:08:07Z">
    <groups>
    </groups>
    <test name="Regression Suite" duration-ms="22016" started-at="2021-03-16T04:07:45Z" finished-at="2021-03-16T04:08:07Z">
      <class name="com.govtech.assignment.OppenheimerGuiTest">
        <test-method status="PASS" signature="springTestContextBeforeTestClass()[pri:0, instance:com.govtech.assignment.OppenheimerGuiTest@6295d394]" name="springTestContextBeforeTestClass" is-config="true" duration-ms="18" started-at="2021-03-16T04:07:45Z" finished-at="2021-03-16T04:07:45Z">
          <reporter-output>
          </reporter-output>
        </test-method> <!-- springTestContextBeforeTestClass -->
        <test-method status="PASS" signature="springTestContextPrepareTestInstance()[pri:0, instance:com.govtech.assignment.OppenheimerGuiTest@6295d394]" name="springTestContextPrepareTestInstance" is-config="true" duration-ms="383" started-at="2021-03-16T04:07:45Z" depends-on-methods="org.springframework.test.context.testng.AbstractTestNGSpringContextTests.springTestContextBeforeTestClass" finished-at="2021-03-16T04:07:45Z">
          <reporter-output>
          </reporter-output>
        </test-method> <!-- springTestContextPrepareTestInstance -->
        <test-method status="PASS" signature="beforeEachTestSetup()[pri:0, instance:com.govtech.assignment.OppenheimerGuiTest@6295d394]" name="beforeEachTestSetup" is-config="true" duration-ms="4259" started-at="2021-03-16T04:07:45Z" finished-at="2021-03-16T04:07:49Z">
          <reporter-output>
          </reporter-output>
        </test-method> <!-- beforeEachTestSetup -->
        <test-method status="PASS" signature="springTestContextBeforeTestMethod(java.lang.reflect.Method)[pri:0, instance:com.govtech.assignment.OppenheimerGuiTest@6295d394]" name="springTestContextBeforeTestMethod" is-config="true" duration-ms="0" started-at="2021-03-16T04:07:45Z" finished-at="2021-03-16T04:07:45Z">
          <params>
            <param index="0">
              <value>
                <![CDATA[public void com.govtech.assignment.OppenheimerGuiTest.test_rake_database() throws java.io.IOException,java.lang.InterruptedException]]>
              </value>
            </param>
          </params>
          <reporter-output>
          </reporter-output>
        </test-method> <!-- springTestContextBeforeTestMethod -->
        <test-method status="PASS" signature="test_rake_database()[pri:9, instance:com.govtech.assignment.OppenheimerGuiTest@6295d394]" name="test_rake_database" duration-ms="1777" started-at="2021-03-16T04:07:49Z" finished-at="2021-03-16T04:07:51Z">
          <reporter-output>
          </reporter-output>
        </test-method> <!-- test_rake_database -->
        <test-method status="PASS" signature="tearDown()[pri:0, instance:com.govtech.assignment.OppenheimerGuiTest@6295d394]" name="tearDown" is-config="true" duration-ms="4822" started-at="2021-03-16T04:07:51Z" finished-at="2021-03-16T04:07:56Z">
          <reporter-output>
          </reporter-output>
        </test-method> <!-- tearDown -->
        <test-method status="PASS" signature="springTestContextAfterTestMethod(java.lang.reflect.Method)[pri:0, instance:com.govtech.assignment.OppenheimerGuiTest@6295d394]" name="springTestContextAfterTestMethod" is-config="true" duration-ms="4" started-at="2021-03-16T04:07:56Z" finished-at="2021-03-16T04:07:56Z">
          <params>
            <param index="0">
              <value>
                <![CDATA[public void com.govtech.assignment.OppenheimerGuiTest.test_rake_database() throws java.io.IOException,java.lang.InterruptedException]]>
              </value>
            </param>
          </params>
          <reporter-output>
          </reporter-output>
        </test-method> <!-- springTestContextAfterTestMethod -->
        <test-method status="PASS" signature="springTestContextBeforeTestMethod(java.lang.reflect.Method)[pri:0, instance:com.govtech.assignment.OppenheimerGuiTest@6295d394]" name="springTestContextBeforeTestMethod" is-config="true" duration-ms="0" started-at="2021-03-16T04:07:56Z" finished-at="2021-03-16T04:07:56Z">
          <params>
            <param index="0">
              <value>
                <![CDATA[public void com.govtech.assignment.OppenheimerGuiTest.test_upload_csv_to_portal() throws java.io.IOException,java.lang.InterruptedException]]>
              </value>
            </param>
          </params>
          <reporter-output>
          </reporter-output>
        </test-method> <!-- springTestContextBeforeTestMethod -->
        <test-method status="PASS" signature="beforeEachTestSetup()[pri:0, instance:com.govtech.assignment.OppenheimerGuiTest@6295d394]" name="beforeEachTestSetup" is-config="true" duration-ms="3205" started-at="2021-03-16T04:07:56Z" finished-at="2021-03-16T04:07:59Z">
          <reporter-output>
          </reporter-output>
        </test-method> <!-- beforeEachTestSetup -->
        <test-method status="PASS" signature="test_upload_csv_to_portal()[pri:10, instance:com.govtech.assignment.OppenheimerGuiTest@6295d394]" name="test_upload_csv_to_portal" duration-ms="727" started-at="2021-03-16T04:07:59Z" finished-at="2021-03-16T04:08:00Z">
          <reporter-output>
          </reporter-output>
        </test-method> <!-- test_upload_csv_to_portal -->
        <test-method status="PASS" signature="tearDown()[pri:0, instance:com.govtech.assignment.OppenheimerGuiTest@6295d394]" name="tearDown" is-config="true" duration-ms="728" started-at="2021-03-16T04:08:00Z" finished-at="2021-03-16T04:08:01Z">
          <reporter-output>
          </reporter-output>
        </test-method> <!-- tearDown -->
        <test-method status="PASS" signature="springTestContextAfterTestMethod(java.lang.reflect.Method)[pri:0, instance:com.govtech.assignment.OppenheimerGuiTest@6295d394]" name="springTestContextAfterTestMethod" is-config="true" duration-ms="0" started-at="2021-03-16T04:08:01Z" finished-at="2021-03-16T04:08:01Z">
          <params>
            <param index="0">
              <value>
                <![CDATA[public void com.govtech.assignment.OppenheimerGuiTest.test_upload_csv_to_portal() throws java.io.IOException,java.lang.InterruptedException]]>
              </value>
            </param>
          </params>
          <reporter-output>
          </reporter-output>
        </test-method> <!-- springTestContextAfterTestMethod -->
        <test-method status="PASS" signature="springTestContextBeforeTestMethod(java.lang.reflect.Method)[pri:0, instance:com.govtech.assignment.OppenheimerGuiTest@6295d394]" name="springTestContextBeforeTestMethod" is-config="true" duration-ms="0" started-at="2021-03-16T04:08:01Z" finished-at="2021-03-16T04:08:01Z">
          <params>
            <param index="0">
              <value>
                <![CDATA[public void com.govtech.assignment.OppenheimerGuiTest.test_dispense_button_validation()]]>
              </value>
            </param>
          </params>
          <reporter-output>
          </reporter-output>
        </test-method> <!-- springTestContextBeforeTestMethod -->
        <test-method status="PASS" signature="beforeEachTestSetup()[pri:0, instance:com.govtech.assignment.OppenheimerGuiTest@6295d394]" name="beforeEachTestSetup" is-config="true" duration-ms="3074" started-at="2021-03-16T04:08:01Z" finished-at="2021-03-16T04:08:04Z">
          <reporter-output>
          </reporter-output>
        </test-method> <!-- beforeEachTestSetup -->
        <test-method status="PASS" signature="test_dispense_button_validation()[pri:11, instance:com.govtech.assignment.OppenheimerGuiTest@6295d394]" name="test_dispense_button_validation" duration-ms="1193" started-at="2021-03-16T04:08:04Z" finished-at="2021-03-16T04:08:05Z">
          <reporter-output>
          </reporter-output>
        </test-method> <!-- test_dispense_button_validation -->
        <test-method status="PASS" signature="tearDown()[pri:0, instance:com.govtech.assignment.OppenheimerGuiTest@6295d394]" name="tearDown" is-config="true" duration-ms="722" started-at="2021-03-16T04:08:06Z" finished-at="2021-03-16T04:08:06Z">
          <reporter-output>
          </reporter-output>
        </test-method> <!-- tearDown -->
        <test-method status="PASS" signature="springTestContextAfterTestMethod(java.lang.reflect.Method)[pri:0, instance:com.govtech.assignment.OppenheimerGuiTest@6295d394]" name="springTestContextAfterTestMethod" is-config="true" duration-ms="0" started-at="2021-03-16T04:08:06Z" finished-at="2021-03-16T04:08:06Z">
          <params>
            <param index="0">
              <value>
                <![CDATA[public void com.govtech.assignment.OppenheimerGuiTest.test_dispense_button_validation()]]>
              </value>
            </param>
          </params>
          <reporter-output>
          </reporter-output>
        </test-method> <!-- springTestContextAfterTestMethod -->
        <test-method status="PASS" signature="springTestContextAfterTestClass()[pri:0, instance:com.govtech.assignment.OppenheimerGuiTest@6295d394]" name="springTestContextAfterTestClass" is-config="true" duration-ms="1" started-at="2021-03-16T04:08:06Z" finished-at="2021-03-16T04:08:06Z">
          <reporter-output>
          </reporter-output>
        </test-method> <!-- springTestContextAfterTestClass -->
      </class> <!-- com.govtech.assignment.OppenheimerGuiTest -->
      <class name="com.govtech.assignment.OppenheimerApiTest">
        <test-method status="PASS" signature="test_insert_single_record_of_working_class_hero(com.govtech.assignment.HeroDetails)[pri:11, instance:com.govtech.assignment.OppenheimerApiTest@475e586c]" name="test_insert_single_record_of_working_class_hero" duration-ms="87" started-at="2021-03-16T04:08:06Z" data-provider="getHeroDetails" finished-at="2021-03-16T04:08:06Z">
          <params>
            <param index="0">
              <value>
                <![CDATA[com.govtech.assignment.HeroDetails@2f521c4]]>
              </value>
            </param>
          </params>
          <reporter-output>
          </reporter-output>
        </test-method> <!-- test_insert_single_record_of_working_class_hero -->
        <test-method status="PASS" signature="test_insert_multiple_record_of_working_class_hero()[pri:12, instance:com.govtech.assignment.OppenheimerApiTest@475e586c]" name="test_insert_multiple_record_of_working_class_hero" duration-ms="131" started-at="2021-03-16T04:08:06Z" finished-at="2021-03-16T04:08:07Z">
          <reporter-output>
          </reporter-output>
        </test-method> <!-- test_insert_multiple_record_of_working_class_hero -->
        <test-method status="PASS" signature="test_rake_database()[pri:13, instance:com.govtech.assignment.OppenheimerApiTest@475e586c]" name="test_rake_database" duration-ms="33" started-at="2021-03-16T04:08:07Z" finished-at="2021-03-16T04:08:07Z">
          <reporter-output>
          </reporter-output>
        </test-method> <!-- test_rake_database -->
        <test-method status="PASS" signature="test_query_amount_of_tax_relief_for_each_person()[pri:14, instance:com.govtech.assignment.OppenheimerApiTest@475e586c]" name="test_query_amount_of_tax_relief_for_each_person" duration-ms="21" started-at="2021-03-16T04:08:07Z" finished-at="2021-03-16T04:08:07Z">
          <reporter-output>
          </reporter-output>
        </test-method> <!-- test_query_amount_of_tax_relief_for_each_person -->
      </class> <!-- com.govtech.assignment.OppenheimerApiTest -->
    </test> <!-- Regression Suite -->
  </suite> <!-- Assignment Suite -->
</testng-results>
