<?xml version="1.0" encoding="UTF-8"?>
<!-- Generated by org.testng.reporters.JUnitXMLReporter -->
<testsuite hostname="NK" ignored="0" name="Regression Suite" tests="6" failures="1" timestamp="16 Mar 2021 03:55:07 GMT" time="20.089" errors="0">
  <testcase name="test_rake_database" time="1.72" classname="com.govtech.assignment.OppenheimerGuiTest"/>
  <testcase name="test_upload_csv_to_portal" time="0.795" classname="com.govtech.assignment.OppenheimerGuiTest"/>
  <testcase name="test_dispense_button_validation" time="0.886" classname="com.govtech.assignment.OppenheimerGuiTest"/>
  <testcase name="test_insert_single_record_of_working_class_hero" time="0.089" classname="com.govtech.assignment.OppenheimerApiTest"/>
  <testcase name="test_insert_multiple_record_of_working_class_hero" time="0.127" classname="com.govtech.assignment.OppenheimerApiTest"/>
  <testcase name="test_query_amount_of_tax_relief_for_each_person" time="0.898" classname="com.govtech.assignment.OppenheimerApiTest">
    <failure type="java.lang.AssertionError" message="1. Tax relief is wrongly calculated for- Jon expected [0.00] but found [1816.65]">
      <![CDATA[java.lang.AssertionError: 1. Tax relief is wrongly calculated for- Jon expected [0.00] but found [1816.65]
at com.govtech.assignment.OppenheimerApiTest.test_query_amount_of_tax_relief_for_each_person(OppenheimerApiTest.java:149)
... Removed 30 stack frames]]>
    </failure>
  </testcase> <!-- test_query_amount_of_tax_relief_for_each_person -->
</testsuite> <!-- Regression Suite -->
